<?xml version="1.0" encoding="UTF-8"?>
<testsuite name="MatrixTest" tests="1" skipped="0" failures="0" errors="0" timestamp="2022-08-21T04:29:07" hostname="localhost-live" time="0.043">
  <properties/>
  <testcase name="extract column from diff widths matrix" classname="MatrixTest" time="0.043"/>
  <system-out><![CDATA[]]></system-out>
  <system-err><![CDATA[]]></system-err>
</testsuite>
